[debug] [2022-05-27T18:07:18.888Z] ----------------------------------------------------------------------
[debug] [2022-05-27T18:07:18.889Z] Command:       /Users/cherie/.nvm/versions/node/v14.19.3/bin/node /usr/local/bin/firebase emulators:start
[debug] [2022-05-27T18:07:18.889Z] CLI Version:   10.8.0
[debug] [2022-05-27T18:07:18.889Z] Platform:      darwin
[debug] [2022-05-27T18:07:18.889Z] Node Version:  v14.19.3
[debug] [2022-05-27T18:07:18.890Z] Time:          Fri May 27 2022 14:07:18 GMT-0400 (Eastern Daylight Time)
[debug] [2022-05-27T18:07:18.890Z] ----------------------------------------------------------------------
[debug] 
[debug] [2022-05-27T18:07:18.936Z] Field ".emulators.hosting.port" in "firebase.json" is possibly invalid: should be number
[debug] [2022-05-27T18:07:18.939Z] > command requires scopes: ["email","openid","https://www.googleapis.com/auth/cloudplatformprojects.readonly","https://www.googleapis.com/auth/firebase","https://www.googleapis.com/auth/cloud-platform"]
[debug] [2022-05-27T18:07:18.939Z] > authorizing via signed-in user (cherieallen90@gmail.com)
[info] i  emulators: Starting emulators: functions, hosting {"metadata":{"emulator":{"name":"hub"},"message":"Starting emulators: functions, hosting"}}
[debug] [2022-05-27T18:07:18.962Z] [hub] writing locator at /var/folders/gt/38k28by53170trlfcddqnp9c0000gn/T/hub-daily-affirmation-db.json
[warn] ⚠  functions: The following emulators are not running, calls to these services from the Functions emulator will affect production: auth, firestore, database, pubsub, storage {"metadata":{"emulator":{"name":"functions"},"message":"The following emulators are not running, calls to these services from the Functions emulator will affect production: \u001b[1mauth, firestore, database, pubsub, storage\u001b[22m"}}
[warn] ⚠  Your requested "node" version "16" doesn't match your global version "14". Using node@14 from host. {"metadata":{"emulator":{"name":"functions"},"message":"Your requested \"node\" version \"16\" doesn't match your global version \"14\". Using node@14 from host."}}
[debug] [2022-05-27T18:07:18.984Z] defaultcredentials: writing to file /Users/cherie/.config/firebase/cherieallen90_gmail_com_application_default_credentials.json
[debug] [2022-05-27T18:07:18.986Z] Setting GAC to /Users/cherie/.config/firebase/cherieallen90_gmail_com_application_default_credentials.json {"metadata":{"emulator":{"name":"functions"},"message":"Setting GAC to /Users/cherie/.config/firebase/cherieallen90_gmail_com_application_default_credentials.json"}}
[debug] [2022-05-27T18:07:18.988Z] >>> [apiv2][query] GET https://firebase.googleapis.com/v1beta1/projects/daily-affirmation-db/adminSdkConfig [none]
[debug] [2022-05-27T18:07:19.312Z] <<< [apiv2][status] GET https://firebase.googleapis.com/v1beta1/projects/daily-affirmation-db/adminSdkConfig 200
[debug] [2022-05-27T18:07:19.313Z] <<< [apiv2][body] GET https://firebase.googleapis.com/v1beta1/projects/daily-affirmation-db/adminSdkConfig {"projectId":"daily-affirmation-db","storageBucket":"daily-affirmation-db.appspot.com","locationId":"us-central"}
[debug] [2022-05-27T18:07:19.607Z] >>> [apiv2][query] GET https://firebasehosting.googleapis.com/v1beta1/projects/daily-affirmation-db/sites 
[debug] [2022-05-27T18:07:20.112Z] <<< [apiv2][status] GET https://firebasehosting.googleapis.com/v1beta1/projects/daily-affirmation-db/sites 200
[debug] [2022-05-27T18:07:20.112Z] <<< [apiv2][body] GET https://firebasehosting.googleapis.com/v1beta1/projects/daily-affirmation-db/sites {"sites":[{"name":"projects/daily-affirmation-db/sites/daily-affirmation-db","defaultUrl":"https://daily-affirmation-db.web.app","type":"DEFAULT_SITE"}]}
[debug] [2022-05-27T18:07:20.113Z] >>> [apiv2][query] GET https://firebase.googleapis.com/v1beta1/projects/daily-affirmation-db/webApps/-/config [none]
[debug] [2022-05-27T18:07:20.573Z] <<< [apiv2][status] GET https://firebase.googleapis.com/v1beta1/projects/daily-affirmation-db/webApps/-/config 200
[debug] [2022-05-27T18:07:20.573Z] <<< [apiv2][body] GET https://firebase.googleapis.com/v1beta1/projects/daily-affirmation-db/webApps/-/config {"projectId":"daily-affirmation-db","storageBucket":"daily-affirmation-db.appspot.com","locationId":"us-central","apiKey":"AIzaSyA79rHVi3m39BNCT2NUgu2wrsCMOyXD63o","authDomain":"daily-affirmation-db.firebaseapp.com","messagingSenderId":"283835075920"}
[info] i  hosting: Serving hosting files from: public {"metadata":{"emulator":{"name":"hosting"},"message":"Serving hosting files from: \u001b[1mpublic\u001b[22m"}}
[info] ✔  hosting: Local server: http://localhost:3031 {"metadata":{"emulator":{"name":"hosting"},"message":"Local server: \u001b[4m\u001b[1mhttp://localhost:3031\u001b[22m\u001b[24m"}}
[debug] [2022-05-27T18:07:20.710Z] Ignoring unsupported arg: auto_download {"metadata":{"emulator":{"name":"ui"},"message":"Ignoring unsupported arg: auto_download"}}
[debug] [2022-05-27T18:07:20.710Z] Ignoring unsupported arg: port {"metadata":{"emulator":{"name":"ui"},"message":"Ignoring unsupported arg: port"}}
[debug] [2022-05-27T18:07:20.710Z] Starting Emulator UI with command {"binary":"node","args":["/Users/cherie/.cache/firebase/emulators/ui-v1.6.6/server.bundle.js"],"optionalArgs":[],"joinArgs":false} {"metadata":{"emulator":{"name":"ui"},"message":"Starting Emulator UI with command {\"binary\":\"node\",\"args\":[\"/Users/cherie/.cache/firebase/emulators/ui-v1.6.6/server.bundle.js\"],\"optionalArgs\":[],\"joinArgs\":false}"}}
[info] i  ui: Emulator UI logging to ui-debug.log {"metadata":{"emulator":{"name":"ui"},"message":"Emulator UI logging to \u001b[1mui-debug.log\u001b[22m"}}
[debug] [2022-05-27T18:07:20.796Z] Web / API server started at localhost:4000
 {"metadata":{"emulator":{"name":"ui"},"message":"Web / API server started at localhost:4000\n"}}
[info] i  functions: Watching "/Users/cherie/code/daily-affirmation-db/functions" for Cloud Functions... {"metadata":{"emulator":{"name":"functions"},"message":"Watching \"/Users/cherie/code/daily-affirmation-db/functions\" for Cloud Functions..."}}
[debug] [2022-05-27T18:07:20.990Z] Validating nodejs source
[debug] [2022-05-27T18:07:22.392Z] > [functions] package.json contents: {
  "name": "functions",
  "description": "Cloud Functions for Firebase",
  "type": "module",
  "scripts": {
    "serve": "firebase emulators:start --only functions",
    "shell": "firebase functions:shell",
    "start": "npm run shell",
    "deploy": "firebase deploy --only functions",
    "logs": "firebase functions:log"
  },
  "engines": {
    "node": "16"
  },
  "main": "index.js",
  "dependencies": {
    "cors": "^2.8.5",
    "express": "^4.18.1",
    "firebase-admin": "^10.0.2",
    "firebase-functions": "^3.18.0"
  },
  "devDependencies": {
    "firebase-functions-test": "^0.2.0"
  },
  "private": true
}
[debug] [2022-05-27T18:07:22.393Z] Building nodejs source
[debug] [2022-05-27T18:07:22.393Z] Analyzing nodejs backend spec
[info] ✔  functions[us-central1-api]: http function initialized (http://localhost:5001/daily-affirmation-db/us-central1/api). {"metadata":{"emulator":{"name":"functions"},"message":"\u001b[1mhttp\u001b[22m function initialized (http://localhost:5001/daily-affirmation-db/us-central1/api)."}}
[info] 
┌─────────────────────────────────────────────────────────────┐
│ ✔  All emulators ready! It is now safe to connect your app. │
│ i  View Emulator UI at http://localhost:4000                │
└─────────────────────────────────────────────────────────────┘

┌───────────┬────────────────┬─────────────────────────────────┐
│ Emulator  │ Host:Port      │ View in Emulator UI             │
├───────────┼────────────────┼─────────────────────────────────┤
│ Functions │ localhost:5001 │ http://localhost:4000/functions │
├───────────┼────────────────┼─────────────────────────────────┤
│ Hosting   │ localhost:3031 │ n/a                             │
└───────────┴────────────────┴─────────────────────────────────┘
  Emulator Hub running at localhost:4400
  Other reserved ports: 4500

Issues? Report them at https://github.com/firebase/firebase-tools/issues and attach the *-debug.log files.
 
[debug] [2022-05-27T18:09:48.964Z] File /Users/cherie/code/daily-affirmation-db/functions/index.js changed, reloading triggers {"metadata":{"emulator":{"name":"functions"},"message":"File /Users/cherie/code/daily-affirmation-db/functions/index.js changed, reloading triggers"}}
[debug] [2022-05-27T18:09:49.969Z] Validating nodejs source
[debug] [2022-05-27T18:09:51.412Z] > [functions] package.json contents: {
  "name": "functions",
  "description": "Cloud Functions for Firebase",
  "type": "module",
  "scripts": {
    "serve": "firebase emulators:start --only functions",
    "shell": "firebase functions:shell",
    "start": "npm run shell",
    "deploy": "firebase deploy --only functions",
    "logs": "firebase functions:log"
  },
  "engines": {
    "node": "16"
  },
  "main": "index.js",
  "dependencies": {
    "cors": "^2.8.5",
    "express": "^4.18.1",
    "firebase-admin": "^10.0.2",
    "firebase-functions": "^3.18.0"
  },
  "devDependencies": {
    "firebase-functions-test": "^0.2.0"
  },
  "private": true
}
[debug] [2022-05-27T18:09:51.412Z] Building nodejs source
[debug] [2022-05-27T18:09:51.412Z] Analyzing nodejs backend spec
